<?xml version="1.0" encoding="UTF-8"?>
<coverage generated="1739145725523" clover="3.2.0">
  <project timestamp="1739145725523" name="All files">
    <metrics statements="56" coveredstatements="4" conditionals="11" coveredconditionals="0" methods="20" coveredmethods="2" elements="87" coveredelements="6" complexity="0" loc="56" ncloc="56" packages="1" files="7" classes="7"/>
    <file name="Details.tsx" path="/home/marmot/study/RS/rs-react-app/src/Details.tsx">
      <metrics statements="19" coveredstatements="0" conditionals="6" coveredconditionals="0" methods="4" coveredmethods="0"/>
      <line num="1" count="0" type="stmt"/>
      <line num="2" count="0" type="stmt"/>
      <line num="3" count="0" type="stmt"/>
      <line num="19" count="0" type="stmt"/>
      <line num="20" count="0" type="stmt"/>
      <line num="21" count="0" type="stmt"/>
      <line num="22" count="0" type="stmt"/>
      <line num="24" count="0" type="stmt"/>
      <line num="25" count="0" type="stmt"/>
      <line num="26" count="0" type="stmt"/>
      <line num="27" count="0" type="stmt"/>
      <line num="28" count="0" type="stmt"/>
      <line num="29" count="0" type="stmt"/>
      <line num="30" count="0" type="stmt"/>
      <line num="32" count="0" type="stmt"/>
      <line num="34" count="0" type="stmt"/>
      <line num="38" count="0" type="stmt"/>
      <line num="41" count="0" type="stmt"/>
      <line num="76" count="0" type="stmt"/>
    </file>
    <file name="ErrorBoundary.tsx" path="/home/marmot/study/RS/rs-react-app/src/ErrorBoundary.tsx">
      <metrics statements="11" coveredstatements="0" conditionals="1" coveredconditionals="0" methods="5" coveredmethods="0"/>
      <line num="1" count="0" type="stmt"/>
      <line num="15" count="0" type="stmt"/>
      <line num="20" count="0" type="stmt"/>
      <line num="24" count="0" type="stmt"/>
      <line num="27" count="0" type="stmt"/>
      <line num="29" count="0" type="stmt"/>
      <line num="30" count="0" type="stmt"/>
      <line num="34" count="0" type="cond" truecount="0" falsecount="1"/>
      <line num="35" count="0" type="stmt"/>
      <line num="42" count="0" type="stmt"/>
      <line num="46" count="0" type="stmt"/>
    </file>
    <file name="NotFound.tsx" path="/home/marmot/study/RS/rs-react-app/src/NotFound.tsx">
      <metrics statements="4" coveredstatements="0" conditionals="0" coveredconditionals="0" methods="1" coveredmethods="0"/>
      <line num="2" count="0" type="stmt"/>
      <line num="4" count="0" type="stmt"/>
      <line num="5" count="0" type="stmt"/>
      <line num="14" count="0" type="stmt"/>
    </file>
    <file name="Pagination.tsx" path="/home/marmot/study/RS/rs-react-app/src/Pagination.tsx">
      <metrics statements="5" coveredstatements="0" conditionals="0" coveredconditionals="0" methods="3" coveredmethods="0"/>
      <line num="8" count="0" type="stmt"/>
      <line num="12" count="0" type="stmt"/>
      <line num="15" count="0" type="stmt"/>
      <line num="21" count="0" type="stmt"/>
      <line num="26" count="0" type="stmt"/>
    </file>
    <file name="Results.tsx" path="/home/marmot/study/RS/rs-react-app/src/Results.tsx">
      <metrics statements="9" coveredstatements="0" conditionals="4" coveredconditionals="0" methods="4" coveredmethods="0"/>
      <line num="16" count="0" type="stmt"/>
      <line num="17" count="0" type="stmt"/>
      <line num="21" count="0" type="stmt"/>
      <line num="22" count="0" type="stmt"/>
      <line num="25" count="0" type="stmt"/>
      <line num="48" count="0" type="stmt"/>
      <line num="49" count="0" type="stmt"/>
      <line num="52" count="0" type="stmt"/>
      <line num="68" count="0" type="stmt"/>
    </file>
    <file name="Spinner.tsx" path="/home/marmot/study/RS/rs-react-app/src/Spinner.tsx">
      <metrics statements="4" coveredstatements="0" conditionals="0" coveredconditionals="0" methods="1" coveredmethods="0"/>
      <line num="2" count="0" type="stmt"/>
      <line num="4" count="0" type="stmt"/>
      <line num="5" count="0" type="stmt"/>
      <line num="10" count="0" type="stmt"/>
    </file>
    <file name="TopControls.tsx" path="/home/marmot/study/RS/rs-react-app/src/TopControls.tsx">
      <metrics statements="4" coveredstatements="4" conditionals="0" coveredconditionals="0" methods="2" coveredmethods="2"/>
      <line num="9" count="1" type="stmt"/>
      <line num="14" count="3" type="stmt"/>
      <line num="19" count="1" type="stmt"/>
      <line num="26" count="1" type="stmt"/>
    </file>
  </project>
</coverage>
