<?xml version="1.0" encoding="UTF-8"?>
<coverage generated="1739139802832" clover="3.2.0">
  <project timestamp="1739139802832" name="All files">
    <metrics statements="31" coveredstatements="7" conditionals="5" coveredconditionals="0" methods="12" coveredmethods="2" elements="48" coveredelements="9" complexity="0" loc="31" ncloc="31" packages="1" files="5" classes="5"/>
    <file name="ErrorBoundary.tsx" path="/home/marmot/study/RS/rs-react-app/src/ErrorBoundary.tsx">
      <metrics statements="11" coveredstatements="0" conditionals="1" coveredconditionals="0" methods="5" coveredmethods="0"/>
      <line num="1" count="0" type="stmt"/>
      <line num="15" count="0" type="stmt"/>
      <line num="20" count="0" type="stmt"/>
      <line num="24" count="0" type="stmt"/>
      <line num="27" count="0" type="stmt"/>
      <line num="29" count="0" type="stmt"/>
      <line num="30" count="0" type="stmt"/>
      <line num="34" count="0" type="cond" truecount="0" falsecount="1"/>
      <line num="35" count="0" type="stmt"/>
      <line num="42" count="0" type="stmt"/>
      <line num="46" count="0" type="stmt"/>
    </file>
    <file name="NotFound.tsx" path="/home/marmot/study/RS/rs-react-app/src/NotFound.tsx">
      <metrics statements="4" coveredstatements="0" conditionals="0" coveredconditionals="0" methods="1" coveredmethods="0"/>
      <line num="2" count="0" type="stmt"/>
      <line num="4" count="0" type="stmt"/>
      <line num="5" count="0" type="stmt"/>
      <line num="14" count="0" type="stmt"/>
    </file>
    <file name="Results.tsx" path="/home/marmot/study/RS/rs-react-app/src/Results.tsx">
      <metrics statements="4" coveredstatements="0" conditionals="4" coveredconditionals="0" methods="2" coveredmethods="0"/>
      <line num="14" count="0" type="stmt"/>
      <line num="15" count="0" type="stmt"/>
      <line num="38" count="0" type="stmt"/>
      <line num="51" count="0" type="stmt"/>
    </file>
    <file name="Spinner.tsx" path="/home/marmot/study/RS/rs-react-app/src/Spinner.tsx">
      <metrics statements="4" coveredstatements="0" conditionals="0" coveredconditionals="0" methods="1" coveredmethods="0"/>
      <line num="2" count="0" type="stmt"/>
      <line num="4" count="0" type="stmt"/>
      <line num="5" count="0" type="stmt"/>
      <line num="10" count="0" type="stmt"/>
    </file>
    <file name="TopControls.tsx" path="/home/marmot/study/RS/rs-react-app/src/TopControls.tsx">
      <metrics statements="8" coveredstatements="7" conditionals="0" coveredconditionals="0" methods="3" coveredmethods="2"/>
      <line num="2" count="1" type="stmt"/>
      <line num="3" count="1" type="stmt"/>
      <line num="9" count="1" type="stmt"/>
      <line num="10" count="2" type="stmt"/>
      <line num="12" count="2" type="stmt"/>
      <line num="17" count="0" type="stmt"/>
      <line num="20" count="1" type="stmt"/>
      <line num="26" count="1" type="stmt"/>
    </file>
  </project>
</coverage>
