{
  "/home/marmot/study/RS/rs-react-app/src/Card.tsx": {
    "path": "/home/marmot/study/RS/rs-react-app/src/Card.tsx",
    "statementMap": {
      "0": {
        "start": { "line": 10, "column": 34 },
        "end": { "line": 25, "column": 1 }
      },
      "1": {
        "start": { "line": 11, "column": 2 },
        "end": { "line": 24, "column": 4 }
      },
      "2": {
        "start": { "line": 15, "column": 8 },
        "end": { "line": 15, "column": 32 }
      },
      "3": {
        "start": { "line": 16, "column": 8 },
        "end": { "line": 16, "column": 20 }
      },
      "4": {
        "start": { "line": 27, "column": 0 },
        "end": { "line": 27, "column": 20 }
      }
    },
    "fnMap": {
      "0": {
        "name": "(anonymous_0)",
        "decl": {
          "start": { "line": 10, "column": 34 },
          "end": { "line": 10, "column": 35 }
        },
        "loc": {
          "start": { "line": 10, "column": 73 },
          "end": { "line": 25, "column": 1 }
        }
      },
      "1": {
        "name": "(anonymous_1)",
        "decl": {
          "start": { "line": 14, "column": 15 },
          "end": { "line": 14, "column": 16 }
        },
        "loc": {
          "start": { "line": 14, "column": 25 },
          "end": { "line": 17, "column": 7 }
        }
      }
    },
    "branchMap": {},
    "s": { "0": 3, "1": 7, "2": 2, "3": 2, "4": 3 },
    "f": { "0": 7, "1": 2 },
    "b": {}
  },
  "/home/marmot/study/RS/rs-react-app/src/Details.tsx": {
    "path": "/home/marmot/study/RS/rs-react-app/src/Details.tsx",
    "statementMap": {
      "0": {
        "start": { "line": 1, "column": 0 },
        "end": { "line": 1, "column": 51 }
      },
      "1": {
        "start": { "line": 2, "column": 0 },
        "end": { "line": 2, "column": 60 }
      },
      "2": {
        "start": { "line": 3, "column": 0 },
        "end": { "line": 3, "column": 32 }
      },
      "3": {
        "start": { "line": 19, "column": 40 },
        "end": { "line": 74, "column": 1 }
      },
      "4": {
        "start": { "line": 20, "column": 40 },
        "end": { "line": 20, "column": 79 }
      },
      "5": {
        "start": { "line": 21, "column": 32 },
        "end": { "line": 21, "column": 47 }
      },
      "6": {
        "start": { "line": 22, "column": 28 },
        "end": { "line": 22, "column": 57 }
      },
      "7": {
        "start": { "line": 24, "column": 2 },
        "end": { "line": 39, "column": 15 }
      },
      "8": {
        "start": { "line": 25, "column": 25 },
        "end": { "line": 36, "column": 6 }
      },
      "9": {
        "start": { "line": 25, "column": 36 },
        "end": { "line": 36, "column": 6 }
      },
      "10": {
        "start": { "line": 26, "column": 6 },
        "end": { "line": 26, "column": 23 }
      },
      "11": {
        "start": { "line": 27, "column": 6 },
        "end": { "line": 27, "column": 21 }
      },
      "12": {
        "start": { "line": 28, "column": 6 },
        "end": { "line": 35, "column": 7 }
      },
      "13": {
        "start": { "line": 29, "column": 39 },
        "end": { "line": 29, "column": 72 }
      },
      "14": {
        "start": { "line": 30, "column": 8 },
        "end": { "line": 30, "column": 29 }
      },
      "15": {
        "start": { "line": 32, "column": 8 },
        "end": { "line": 32, "column": 53 }
      },
      "16": {
        "start": { "line": 34, "column": 8 },
        "end": { "line": 34, "column": 26 }
      },
      "17": {
        "start": { "line": 38, "column": 4 },
        "end": { "line": 38, "column": 19 }
      },
      "18": {
        "start": { "line": 41, "column": 2 },
        "end": { "line": 73, "column": 4 }
      },
      "19": {
        "start": { "line": 76, "column": 0 },
        "end": { "line": 76, "column": 23 }
      }
    },
    "fnMap": {
      "0": {
        "name": "(anonymous_8)",
        "decl": {
          "start": { "line": 19, "column": 40 },
          "end": { "line": 19, "column": 41 }
        },
        "loc": {
          "start": { "line": 19, "column": 64 },
          "end": { "line": 74, "column": 1 }
        }
      },
      "1": {
        "name": "(anonymous_9)",
        "decl": {
          "start": { "line": 24, "column": 12 },
          "end": { "line": 24, "column": 15 }
        },
        "loc": {
          "start": { "line": 24, "column": 17 },
          "end": { "line": 39, "column": 3 }
        }
      },
      "2": {
        "name": "(anonymous_10)",
        "decl": {
          "start": { "line": 25, "column": 25 },
          "end": { "line": 25, "column": 34 }
        },
        "loc": {
          "start": { "line": 25, "column": 36 },
          "end": { "line": 36, "column": 6 }
        }
      },
      "3": {
        "name": "(anonymous_11)",
        "decl": {
          "start": { "line": 25, "column": 36 },
          "end": { "line": 25, "column": null }
        },
        "loc": {
          "start": { "line": 25, "column": 36 },
          "end": { "line": 36, "column": 5 }
        }
      }
    },
    "branchMap": {
      "0": {
        "loc": {
          "start": { "line": 46, "column": 7 },
          "end": { "line": 70, "column": null }
        },
        "type": "cond-expr",
        "locations": [
          {
            "start": { "line": 47, "column": 8 },
            "end": { "line": 47, "column": 19 }
          },
          {
            "start": { "line": 48, "column": 10 },
            "end": { "line": 70, "column": null }
          }
        ]
      },
      "1": {
        "loc": {
          "start": { "line": 48, "column": 10 },
          "end": { "line": 70, "column": null }
        },
        "type": "cond-expr",
        "locations": [
          {
            "start": { "line": 49, "column": 8 },
            "end": { "line": 49, "column": 48 }
          },
          {
            "start": { "line": 50, "column": 10 },
            "end": { "line": 70, "column": null }
          }
        ]
      },
      "2": {
        "loc": {
          "start": { "line": 50, "column": 10 },
          "end": { "line": 70, "column": null }
        },
        "type": "cond-expr",
        "locations": [
          {
            "start": { "line": 51, "column": 8 },
            "end": { "line": 67, "column": null }
          },
          {
            "start": { "line": 70, "column": 8 },
            "end": { "line": 70, "column": 35 }
          }
        ]
      }
    },
    "s": {
      "0": 2,
      "1": 2,
      "2": 2,
      "3": 2,
      "4": 9,
      "5": 9,
      "6": 9,
      "7": 9,
      "8": 3,
      "9": 3,
      "10": 3,
      "11": 3,
      "12": 3,
      "13": 3,
      "14": 3,
      "15": 0,
      "16": 3,
      "17": 3,
      "18": 9,
      "19": 2
    },
    "f": { "0": 9, "1": 3, "2": 3, "3": 3 },
    "b": { "0": [3, 6], "1": [0, 6], "2": [3, 3] }
  },
  "/home/marmot/study/RS/rs-react-app/src/ErrorBoundary.tsx": {
    "path": "/home/marmot/study/RS/rs-react-app/src/ErrorBoundary.tsx",
    "statementMap": {
      "0": {
        "start": { "line": 1, "column": 0 },
        "end": { "line": 1, "column": 52 }
      },
      "1": {
        "start": { "line": 15, "column": 2 },
        "end": { "line": 17, "column": 4 }
      },
      "2": {
        "start": { "line": 27, "column": 2 },
        "end": { "line": 27, "column": 35 }
      },
      "3": {
        "start": { "line": 29, "column": 2 },
        "end": { "line": 31, "column": 4 }
      },
      "4": {
        "start": { "line": 30, "column": 4 },
        "end": { "line": 30, "column": 18 }
      },
      "5": {
        "start": { "line": 20, "column": 4 },
        "end": { "line": 20, "column": 46 }
      },
      "6": {
        "start": { "line": 24, "column": 4 },
        "end": { "line": 24, "column": 67 }
      },
      "7": {
        "start": { "line": 34, "column": 4 },
        "end": { "line": 41, "column": 5 }
      },
      "8": {
        "start": { "line": 35, "column": 6 },
        "end": { "line": 40, "column": 8 }
      },
      "9": {
        "start": { "line": 42, "column": 4 },
        "end": { "line": 42, "column": 31 }
      },
      "10": {
        "start": { "line": 46, "column": 0 },
        "end": { "line": 46, "column": 29 }
      }
    },
    "fnMap": {
      "0": {
        "name": "(anonymous_1)",
        "decl": {
          "start": { "line": 11, "column": 0 },
          "end": { "line": 11, "column": 6 }
        },
        "loc": {
          "start": { "line": 11, "column": 0 },
          "end": { "line": 44, "column": 1 }
        }
      },
      "1": {
        "name": "(anonymous_2)",
        "decl": {
          "start": { "line": 29, "column": 16 },
          "end": { "line": 29, "column": 19 }
        },
        "loc": {
          "start": { "line": 29, "column": 21 },
          "end": { "line": 31, "column": 3 }
        }
      },
      "2": {
        "name": "(anonymous_3)",
        "decl": {
          "start": { "line": 19, "column": 2 },
          "end": { "line": 19, "column": 8 }
        },
        "loc": {
          "start": { "line": 19, "column": 46 },
          "end": { "line": 21, "column": 3 }
        }
      },
      "3": {
        "name": "(anonymous_4)",
        "decl": {
          "start": { "line": 23, "column": 2 },
          "end": { "line": 23, "column": 19 }
        },
        "loc": {
          "start": { "line": 23, "column": 49 },
          "end": { "line": 25, "column": 3 }
        }
      },
      "4": {
        "name": "(anonymous_5)",
        "decl": {
          "start": { "line": 33, "column": 2 },
          "end": { "line": 33, "column": 8 }
        },
        "loc": {
          "start": { "line": 33, "column": 8 },
          "end": { "line": 43, "column": 3 }
        }
      }
    },
    "branchMap": {
      "0": {
        "loc": {
          "start": { "line": 34, "column": 4 },
          "end": { "line": 41, "column": 5 }
        },
        "type": "if",
        "locations": [
          {
            "start": { "line": 34, "column": 4 },
            "end": { "line": 41, "column": 5 }
          }
        ]
      }
    },
    "s": {
      "0": 1,
      "1": 3,
      "2": 3,
      "3": 3,
      "4": 0,
      "5": 0,
      "6": 0,
      "7": 3,
      "8": 0,
      "9": 3,
      "10": 1
    },
    "f": { "0": 3, "1": 0, "2": 0, "3": 0, "4": 3 },
    "b": { "0": [0] }
  },
  "/home/marmot/study/RS/rs-react-app/src/NotFound.tsx": {
    "path": "/home/marmot/study/RS/rs-react-app/src/NotFound.tsx",
    "statementMap": {
      "0": {
        "start": { "line": 2, "column": 0 },
        "end": { "line": 2, "column": 40 }
      },
      "1": {
        "start": { "line": 4, "column": 27 },
        "end": { "line": 12, "column": 1 }
      },
      "2": {
        "start": { "line": 5, "column": 2 },
        "end": { "line": 11, "column": 4 }
      },
      "3": {
        "start": { "line": 14, "column": 0 },
        "end": { "line": 14, "column": 24 }
      }
    },
    "fnMap": {
      "0": {
        "name": "(anonymous_0)",
        "decl": {
          "start": { "line": 4, "column": 27 },
          "end": { "line": 4, "column": 30 }
        },
        "loc": {
          "start": { "line": 4, "column": 32 },
          "end": { "line": 12, "column": 1 }
        }
      }
    },
    "branchMap": {},
    "s": { "0": 1, "1": 1, "2": 1, "3": 1 },
    "f": { "0": 1 },
    "b": {}
  },
  "/home/marmot/study/RS/rs-react-app/src/Pagination.tsx": {
    "path": "/home/marmot/study/RS/rs-react-app/src/Pagination.tsx",
    "statementMap": {
      "0": {
        "start": { "line": 9, "column": 46 },
        "end": { "line": 31, "column": 1 }
      },
      "1": {
        "start": { "line": 14, "column": 2 },
        "end": { "line": 30, "column": 4 }
      },
      "2": {
        "start": { "line": 17, "column": 23 },
        "end": { "line": 17, "column": 52 }
      },
      "3": {
        "start": { "line": 24, "column": 23 },
        "end": { "line": 24, "column": 52 }
      },
      "4": {
        "start": { "line": 33, "column": 0 },
        "end": { "line": 33, "column": 26 }
      }
    },
    "fnMap": {
      "0": {
        "name": "(anonymous_0)",
        "decl": {
          "start": { "line": 9, "column": 46 },
          "end": { "line": 9, "column": 47 }
        },
        "loc": {
          "start": { "line": 13, "column": 5 },
          "end": { "line": 31, "column": 1 }
        }
      },
      "1": {
        "name": "(anonymous_1)",
        "decl": {
          "start": { "line": 17, "column": 17 },
          "end": { "line": 17, "column": 20 }
        },
        "loc": {
          "start": { "line": 17, "column": 23 },
          "end": { "line": 17, "column": 52 }
        }
      },
      "2": {
        "name": "(anonymous_2)",
        "decl": {
          "start": { "line": 24, "column": 17 },
          "end": { "line": 24, "column": 20 }
        },
        "loc": {
          "start": { "line": 24, "column": 23 },
          "end": { "line": 24, "column": 52 }
        }
      }
    },
    "branchMap": {},
    "s": { "0": 2, "1": 10, "2": 2, "3": 2, "4": 2 },
    "f": { "0": 10, "1": 2, "2": 2 },
    "b": {}
  },
  "/home/marmot/study/RS/rs-react-app/src/Results.tsx": {
    "path": "/home/marmot/study/RS/rs-react-app/src/Results.tsx",
    "statementMap": {
      "0": {
        "start": { "line": 2, "column": 0 },
        "end": { "line": 2, "column": 26 }
      },
      "1": {
        "start": { "line": 17, "column": 40 },
        "end": { "line": 70, "column": 1 }
      },
      "2": {
        "start": { "line": 18, "column": 2 },
        "end": { "line": 30, "column": 3 }
      },
      "3": {
        "start": { "line": 19, "column": 4 },
        "end": { "line": 29, "column": 6 }
      },
      "4": {
        "start": { "line": 32, "column": 2 },
        "end": { "line": 44, "column": 3 }
      },
      "5": {
        "start": { "line": 33, "column": 4 },
        "end": { "line": 43, "column": 6 }
      },
      "6": {
        "start": { "line": 46, "column": 2 },
        "end": { "line": 69, "column": 4 }
      },
      "7": {
        "start": { "line": 56, "column": 21 },
        "end": { "line": 56, "column": 57 }
      },
      "8": {
        "start": { "line": 57, "column": 10 },
        "end": { "line": 65, "column": 12 }
      },
      "9": {
        "start": { "line": 72, "column": 0 },
        "end": { "line": 72, "column": 23 }
      }
    },
    "fnMap": {
      "0": {
        "name": "(anonymous_1)",
        "decl": {
          "start": { "line": 17, "column": 40 },
          "end": { "line": 17, "column": 41 }
        },
        "loc": {
          "start": { "line": 17, "column": 76 },
          "end": { "line": 70, "column": 1 }
        }
      },
      "1": {
        "name": "(anonymous_2)",
        "decl": {
          "start": { "line": 55, "column": 21 },
          "end": { "line": 55, "column": 22 }
        },
        "loc": {
          "start": { "line": 55, "column": 30 },
          "end": { "line": 66, "column": 9 }
        }
      }
    },
    "branchMap": {
      "0": {
        "loc": {
          "start": { "line": 18, "column": 2 },
          "end": { "line": 30, "column": 3 }
        },
        "type": "if",
        "locations": [
          {
            "start": { "line": 18, "column": 2 },
            "end": { "line": 30, "column": 3 }
          }
        ]
      },
      "1": {
        "loc": {
          "start": { "line": 32, "column": 2 },
          "end": { "line": 44, "column": 3 }
        },
        "type": "if",
        "locations": [
          {
            "start": { "line": 32, "column": 2 },
            "end": { "line": 44, "column": 3 }
          }
        ]
      }
    },
    "s": {
      "0": 2,
      "1": 2,
      "2": 8,
      "3": 1,
      "4": 7,
      "5": 3,
      "6": 4,
      "7": 5,
      "8": 5,
      "9": 2
    },
    "f": { "0": 8, "1": 5 },
    "b": { "0": [1], "1": [3] }
  },
  "/home/marmot/study/RS/rs-react-app/src/Spinner.tsx": {
    "path": "/home/marmot/study/RS/rs-react-app/src/Spinner.tsx",
    "statementMap": {
      "0": {
        "start": { "line": 2, "column": 0 },
        "end": { "line": 2, "column": 23 }
      },
      "1": {
        "start": { "line": 4, "column": 26 },
        "end": { "line": 7, "column": null }
      },
      "2": {
        "start": { "line": 5, "column": 2 },
        "end": { "line": 6, "column": null }
      },
      "3": {
        "start": { "line": 10, "column": 0 },
        "end": { "line": 10, "column": 23 }
      }
    },
    "fnMap": {
      "0": {
        "name": "(anonymous_0)",
        "decl": {
          "start": { "line": 4, "column": 26 },
          "end": { "line": 4, "column": 29 }
        },
        "loc": {
          "start": { "line": 5, "column": 2 },
          "end": { "line": 6, "column": null }
        }
      }
    },
    "branchMap": {},
    "s": { "0": 2, "1": 2, "2": 5, "3": 2 },
    "f": { "0": 5 },
    "b": {}
  },
  "/home/marmot/study/RS/rs-react-app/src/TopControls.tsx": {
    "path": "/home/marmot/study/RS/rs-react-app/src/TopControls.tsx",
    "statementMap": {
      "0": {
        "start": { "line": 9, "column": 48 },
        "end": { "line": 24, "column": 1 }
      },
      "1": {
        "start": { "line": 14, "column": 2 },
        "end": { "line": 23, "column": 4 }
      },
      "2": {
        "start": { "line": 19, "column": 25 },
        "end": { "line": 19, "column": 55 }
      },
      "3": {
        "start": { "line": 26, "column": 0 },
        "end": { "line": 26, "column": 27 }
      }
    },
    "fnMap": {
      "0": {
        "name": "(anonymous_0)",
        "decl": {
          "start": { "line": 9, "column": 48 },
          "end": { "line": 9, "column": 49 }
        },
        "loc": {
          "start": { "line": 13, "column": 5 },
          "end": { "line": 24, "column": 1 }
        }
      },
      "1": {
        "name": "(anonymous_1)",
        "decl": {
          "start": { "line": 19, "column": 18 },
          "end": { "line": 19, "column": 19 }
        },
        "loc": {
          "start": { "line": 19, "column": 25 },
          "end": { "line": 19, "column": 55 }
        }
      }
    },
    "branchMap": {},
    "s": { "0": 2, "1": 10, "2": 1, "3": 2 },
    "f": { "0": 10, "1": 1 },
    "b": {}
  },
  "/home/marmot/study/RS/rs-react-app/src/main.tsx": {
    "path": "/home/marmot/study/RS/rs-react-app/src/main.tsx",
    "statementMap": {
      "0": {
        "start": { "line": 1, "column": 0 },
        "end": { "line": 1, "column": 35 }
      },
      "1": {
        "start": { "line": 2, "column": 0 },
        "end": { "line": 2, "column": 46 }
      },
      "2": {
        "start": { "line": 3, "column": 0 },
        "end": { "line": 3, "column": 74 }
      },
      "3": {
        "start": { "line": 4, "column": 0 },
        "end": { "line": 4, "column": 21 }
      },
      "4": {
        "start": { "line": 5, "column": 0 },
        "end": { "line": 5, "column": 24 }
      },
      "5": {
        "start": { "line": 6, "column": 0 },
        "end": { "line": 6, "column": 44 }
      },
      "6": {
        "start": { "line": 7, "column": 0 },
        "end": { "line": 7, "column": 34 }
      },
      "7": {
        "start": { "line": 9, "column": 20 },
        "end": { "line": 9, "column": 51 }
      },
      "8": {
        "start": { "line": 11, "column": 0 },
        "end": { "line": 27, "column": 1 }
      },
      "9": {
        "start": { "line": 12, "column": 2 },
        "end": { "line": 24, "column": 4 }
      },
      "10": {
        "start": { "line": 26, "column": 2 },
        "end": { "line": 26, "column": 42 }
      }
    },
    "fnMap": {},
    "branchMap": {
      "0": {
        "loc": {
          "start": { "line": 11, "column": 0 },
          "end": { "line": 27, "column": 1 }
        },
        "type": "if",
        "locations": [
          {
            "start": { "line": 11, "column": 0 },
            "end": { "line": 27, "column": 1 }
          },
          {
            "start": { "line": 25, "column": 7 },
            "end": { "line": 27, "column": 1 }
          }
        ]
      }
    },
    "s": {
      "0": 0,
      "1": 0,
      "2": 0,
      "3": 0,
      "4": 0,
      "5": 0,
      "6": 0,
      "7": 0,
      "8": 0,
      "9": 0,
      "10": 0
    },
    "f": {},
    "b": { "0": [0, 0] }
  }
}
