TN:
SF:src/Details.tsx
FN:19,(anonymous_8)
FN:24,(anonymous_9)
FN:25,(anonymous_10)
FN:25,(anonymous_11)
FNF:4
FNH:4
FNDA:9,(anonymous_8)
FNDA:3,(anonymous_9)
FNDA:3,(anonymous_10)
FNDA:3,(anonymous_11)
DA:1,2
DA:2,2
DA:3,2
DA:19,2
DA:20,9
DA:21,9
DA:22,9
DA:24,9
DA:25,3
DA:26,3
DA:27,3
DA:28,3
DA:29,3
DA:30,3
DA:32,0
DA:34,3
DA:38,3
DA:41,9
DA:76,2
LF:19
LH:18
BRDA:46,0,0,3
BRDA:46,0,1,6
BRDA:48,1,0,0
BRDA:48,1,1,6
BRDA:50,2,0,3
BRDA:50,2,1,3
BRF:6
BRH:5
end_of_record
TN:
SF:src/ErrorBoundary.tsx
FN:11,(anonymous_1)
FN:29,(anonymous_2)
FN:19,(anonymous_3)
FN:23,(anonymous_4)
FN:33,(anonymous_5)
FNF:5
FNH:2
FNDA:3,(anonymous_1)
FNDA:0,(anonymous_2)
FNDA:0,(anonymous_3)
FNDA:0,(anonymous_4)
FNDA:3,(anonymous_5)
DA:1,1
DA:15,3
DA:20,0
DA:24,0
DA:27,3
DA:29,3
DA:30,0
DA:34,3
DA:35,0
DA:42,3
DA:46,1
LF:11
LH:7
BRDA:34,0,0,0
BRF:1
BRH:0
end_of_record
TN:
SF:src/NotFound.tsx
FN:4,(anonymous_0)
FNF:1
FNH:1
FNDA:1,(anonymous_0)
DA:2,1
DA:4,1
DA:5,1
DA:14,1
LF:4
LH:4
BRF:0
BRH:0
end_of_record
TN:
SF:src/Pagination.tsx
FN:9,(anonymous_0)
FN:17,(anonymous_1)
FN:24,(anonymous_2)
FNF:3
FNH:3
FNDA:10,(anonymous_0)
FNDA:2,(anonymous_1)
FNDA:2,(anonymous_2)
DA:9,2
DA:14,10
DA:17,2
DA:24,2
DA:33,2
LF:5
LH:5
BRF:0
BRH:0
end_of_record
TN:
SF:src/Results.tsx
FN:16,(anonymous_0)
FN:17,(anonymous_1)
FN:47,(anonymous_2)
FN:52,(anonymous_3)
FNF:4
FNH:2
FNDA:4,(anonymous_0)
FNDA:0,(anonymous_1)
FNDA:2,(anonymous_2)
FNDA:0,(anonymous_3)
DA:16,1
DA:17,4
DA:21,0
DA:22,0
DA:25,4
DA:48,2
DA:49,2
DA:52,0
DA:68,1
LF:9
LH:6
BRDA:34,0,0,0
BRDA:34,0,1,4
BRDA:40,1,0,2
BRDA:40,1,1,2
BRF:4
BRH:3
end_of_record
TN:
SF:src/Spinner.tsx
FN:4,(anonymous_0)
FNF:1
FNH:1
FNDA:5,(anonymous_0)
DA:2,2
DA:4,2
DA:5,5
DA:10,2
LF:4
LH:4
BRF:0
BRH:0
end_of_record
TN:
SF:src/TopControls.tsx
FN:9,(anonymous_0)
FN:19,(anonymous_1)
FNF:2
FNH:2
FNDA:10,(anonymous_0)
FNDA:1,(anonymous_1)
DA:9,2
DA:14,10
DA:19,1
DA:26,2
LF:4
LH:4
BRF:0
BRH:0
end_of_record
TN:
SF:src/main.tsx
FNF:0
FNH:0
DA:1,0
DA:2,0
DA:3,0
DA:4,0
DA:5,0
DA:6,0
DA:7,0
DA:9,0
DA:11,0
DA:12,0
DA:26,0
LF:11
LH:0
BRDA:11,0,0,0
BRDA:11,0,1,0
BRF:2
BRH:0
end_of_record
